# JRE version: Java(TM) SE Runtime Environment (7.0_80-b15) (build 1.7.0_80-b15)
# Java VM: Java HotSpot(TM) 64-Bit Server VM (24.80-b11 mixed mode windows-amd64 compressed oops)
Heap
 PSYoungGen      total 797184K, used 453628K [0x00000007ab280000, 0x00000007e0f80000, 0x0000000800000000)
  eden space 717824K, 60% used [0x00000007ab280000,0x00000007c5d14818,0x00000007d6f80000)
  from space 79360K, 21% used [0x00000007dc200000,0x00000007dd26aa00,0x00000007e0f80000)
  to   space 81920K, 0% used [0x00000007d6f80000,0x00000007d6f80000,0x00000007dbf80000)
 ParOldGen       total 311808K, used 200645K [0x0000000701800000, 0x0000000714880000, 0x00000007ab280000)
  object space 311808K, 64% used [0x0000000701800000,0x000000070dbf1658,0x0000000714880000)
 PSPermGen       total 41472K, used 36631K [0x00000006fc600000, 0x00000006fee80000, 0x0000000701800000)
  object space 41472K, 88% used [0x00000006fc600000,0x00000006fe9c5f30,0x00000006fee80000)
GC Heap History (10 events):
Event: 15.995 GC heap before
{Heap before GC invocations=12 (full 1):
 PSYoungGen      total 395776K, used 395630K [0x00000007ab280000, 0x00000007cac00000, 0x0000000800000000)
  eden space 369664K, 100% used [0x00000007ab280000,0x00000007c1b80000,0x00000007c1b80000)
  from space 26112K, 99% used [0x00000007c9280000,0x00000007cabdb860,0x00000007cac00000)
  to   space 31744K, 0% used [0x00000007c6e00000,0x00000007c6e00000,0x00000007c8d00000)
 ParOldGen       total 173568K, used 49992K [0x0000000701800000, 0x000000070c180000, 0x00000007ab280000)
  object space 173568K, 28% used [0x0000000701800000,0x00000007048d22a8,0x000000070c180000)
 PSPermGen       total 27648K, used 27548K [0x00000006fc600000, 0x00000006fe100000, 0x0000000701800000)
  object space 27648K, 99% used [0x00000006fc600000,0x00000006fe0e71d8,0x00000006fe100000)
Event: 16.024 GC heap after
Heap after GC invocations=12 (full 1):
 PSYoungGen      total 485888K, used 29755K [0x00000007ab280000, 0x00000007d3880000, 0x0000000800000000)
  eden space 454144K, 0% used [0x00000007ab280000,0x00000007ab280000,0x00000007c6e00000)
  from space 31744K, 93% used [0x00000007c6e00000,0x00000007c8b0ef30,0x00000007c8d00000)
  to   space 34816K, 0% used [0x00000007d1680000,0x00000007d1680000,0x00000007d3880000)
 ParOldGen       total 173568K, used 67993K [0x0000000701800000, 0x000000070c180000, 0x00000007ab280000)
  object space 173568K, 39% used [0x0000000701800000,0x0000000705a66668,0x000000070c180000)
 PSPermGen       total 27648K, used 27548K [0x00000006fc600000, 0x00000006fe100000, 0x0000000701800000)
  object space 27648K, 99% used [0x00000006fc600000,0x00000006fe0e71d8,0x00000006fe100000)
}
Event: 20.288 GC heap before
{Heap before GC invocations=13 (full 1):
 PSYoungGen      total 485888K, used 483899K [0x00000007ab280000, 0x00000007d3880000, 0x0000000800000000)
  eden space 454144K, 100% used [0x00000007ab280000,0x00000007c6e00000,0x00000007c6e00000)
  from space 31744K, 93% used [0x00000007c6e00000,0x00000007c8b0ef30,0x00000007c8d00000)
  to   space 34816K, 0% used [0x00000007d1680000,0x00000007d1680000,0x00000007d3880000)
 ParOldGen       total 173568K, used 67993K [0x0000000701800000, 0x000000070c180000, 0x00000007ab280000)
  object space 173568K, 39% used [0x0000000701800000,0x0000000705a66668,0x000000070c180000)
 PSPermGen       total 27648K, used 27563K [0x00000006fc600000, 0x00000006fe100000, 0x0000000701800000)
  object space 27648K, 99% used [0x00000006fc600000,0x00000006fe0eae98,0x00000006fe100000)
Event: 20.366 GC heap after
Heap after GC invocations=13 (full 1):
 PSYoungGen      total 591360K, used 34796K [0x00000007ab280000, 0x00000007e0180000, 0x0000000800000000)
  eden space 556544K, 0% used [0x00000007ab280000,0x00000007ab280000,0x00000007cd200000)
  from space 34816K, 99% used [0x00000007d1680000,0x00000007d387b188,0x00000007d3880000)
  to   space 70144K, 0% used [0x00000007cd200000,0x00000007cd200000,0x00000007d1680000)
 ParOldGen       total 173568K, used 153178K [0x0000000701800000, 0x000000070c180000, 0x00000007ab280000)
  object space 173568K, 88% used [0x0000000701800000,0x000000070ad96ad0,0x000000070c180000)
 PSPermGen       total 27648K, used 27563K [0x00000006fc600000, 0x00000006fe100000, 0x0000000701800000)
  object space 27648K, 99% used [0x00000006fc600000,0x00000006fe0eae98,0x00000006fe100000)
}
Event: 20.366 GC heap before
{Heap before GC invocations=14 (full 2):
 PSYoungGen      total 591360K, used 34796K [0x00000007ab280000, 0x00000007e0180000, 0x0000000800000000)
  eden space 556544K, 0% used [0x00000007ab280000,0x00000007ab280000,0x00000007cd200000)
  from space 34816K, 99% used [0x00000007d1680000,0x00000007d387b188,0x00000007d3880000)
  to   space 70144K, 0% used [0x00000007cd200000,0x00000007cd200000,0x00000007d1680000)
 ParOldGen       total 173568K, used 153178K [0x0000000701800000, 0x000000070c180000, 0x00000007ab280000)
  object space 173568K, 88% used [0x0000000701800000,0x000000070ad96ad0,0x000000070c180000)
 PSPermGen       total 27648K, used 27563K [0x00000006fc600000, 0x00000006fe100000, 0x0000000701800000)
  object space 27648K, 99% used [0x00000006fc600000,0x00000006fe0eae98,0x00000006fe100000)
Event: 20.701 GC heap after
Heap after GC invocations=14 (full 2):
 PSYoungGen      total 591360K, used 0K [0x00000007ab280000, 0x00000007e0180000, 0x0000000800000000)
  eden space 556544K, 0% used [0x00000007ab280000,0x00000007ab280000,0x00000007cd200000)
  from space 34816K, 0% used [0x00000007d1680000,0x00000007d1680000,0x00000007d3880000)
  to   space 70144K, 0% used [0x00000007cd200000,0x00000007cd200000,0x00000007d1680000)
 ParOldGen       total 311808K, used 167678K [0x0000000701800000, 0x0000000714880000, 0x00000007ab280000)
  object space 311808K, 53% used [0x0000000701800000,0x000000070bbbf800,0x0000000714880000)
 PSPermGen       total 41472K, used 27554K [0x00000006fc600000, 0x00000006fee80000, 0x0000000701800000)
  object space 41472K, 66% used [0x00000006fc600000,0x00000006fe0e88d8,0x00000006fee80000)
}
Event: 24.382 GC heap before
{Heap before GC invocations=15 (full 2):
 PSYoungGen      total 591360K, used 556544K [0x00000007ab280000, 0x00000007e0180000, 0x0000000800000000)
  eden space 556544K, 100% used [0x00000007ab280000,0x00000007cd200000,0x00000007cd200000)
  from space 34816K, 0% used [0x00000007d1680000,0x00000007d1680000,0x00000007d3880000)
  to   space 70144K, 0% used [0x00000007cd200000,0x00000007cd200000,0x00000007d1680000)
 ParOldGen       total 311808K, used 167678K [0x0000000701800000, 0x0000000714880000, 0x00000007ab280000)
  object space 311808K, 53% used [0x0000000701800000,0x000000070bbbf800,0x0000000714880000)
 PSPermGen       total 41472K, used 29404K [0x00000006fc600000, 0x00000006fee80000, 0x0000000701800000)
  object space 41472K, 70% used [0x00000006fc600000,0x00000006fe2b70e8,0x00000006fee80000)
Event: 24.443 GC heap after
Heap after GC invocations=15 (full 2):
 PSYoungGen      total 626688K, used 70119K [0x00000007ab280000, 0x00000007e1400000, 0x0000000800000000)
  eden space 556544K, 0% used [0x00000007ab280000,0x00000007ab280000,0x00000007cd200000)
  from space 70144K, 99% used [0x00000007cd200000,0x00000007d1679fa0,0x00000007d1680000)
  to   space 83968K, 0% used [0x00000007dc200000,0x00000007dc200000,0x00000007e1400000)
 ParOldGen       total 311808K, used 174863K [0x0000000701800000, 0x0000000714880000, 0x00000007ab280000)
  object space 311808K, 56% used [0x0000000701800000,0x000000070c2c3d50,0x0000000714880000)
 PSPermGen       total 41472K, used 29404K [0x00000006fc600000, 0x00000006fee80000, 0x0000000701800000)
  object space 41472K, 70% used [0x00000006fc600000,0x00000006fe2b70e8,0x00000006fee80000)
}
Event: 26.225 GC heap before
{Heap before GC invocations=16 (full 2):
 PSYoungGen      total 626688K, used 626663K [0x00000007ab280000, 0x00000007e1400000, 0x0000000800000000)
  eden space 556544K, 100% used [0x00000007ab280000,0x00000007cd200000,0x00000007cd200000)
  from space 70144K, 99% used [0x00000007cd200000,0x00000007d1679fa0,0x00000007d1680000)
  to   space 83968K, 0% used [0x00000007dc200000,0x00000007dc200000,0x00000007e1400000)
 ParOldGen       total 311808K, used 174863K [0x0000000701800000, 0x0000000714880000, 0x00000007ab280000)
  object space 311808K, 56% used [0x0000000701800000,0x000000070c2c3d50,0x0000000714880000)
 PSPermGen       total 41472K, used 33475K [0x00000006fc600000, 0x00000006fee80000, 0x0000000701800000)
  object space 41472K, 80% used [0x00000006fc600000,0x00000006fe6b0f98,0x00000006fee80000)
Event: 26.254 GC heap after
Heap after GC invocations=16 (full 2):
 PSYoungGen      total 797184K, used 16810K [0x00000007ab280000, 0x00000007e0f80000, 0x0000000800000000)
  eden space 717824K, 0% used [0x00000007ab280000,0x00000007ab280000,0x00000007d6f80000)
  from space 79360K, 21% used [0x00000007dc200000,0x00000007dd26aa00,0x00000007e0f80000)
  to   space 81920K, 0% used [0x00000007d6f80000,0x00000007d6f80000,0x00000007dbf80000)
 ParOldGen       total 311808K, used 200645K [0x0000000701800000, 0x0000000714880000, 0x00000007ab280000)
  object space 311808K, 64% used [0x0000000701800000,0x000000070dbf1658,0x0000000714880000)
 PSPermGen       total 41472K, used 33475K [0x00000006fc600000, 0x00000006fee80000, 0x0000000701800000)
  object space 41472K, 80% used [0x00000006fc600000,0x00000006fe6b0f98,0x00000006fee80000)
}

